2015-01-16 17:22:59.146 Crunchbutton[27256:3046411] DiskCookieStorage changing policy from 2 to 0, cookie file: file:///Users/arzynik/Library/Developer/CoreSimulator/Devices/CB2C7068-C290-44BC-9A6A-5767604F969E/data/Containers/Data/Application/25327FDA-FA89-4328-8069-194E04E67DF9/Library/Cookies/Cookies.binarycookies
2015-01-16 17:22:59.205 Crunchbutton[27256:3046411] Apache Cordova native platform version 3.7.0 is starting.
2015-01-16 17:22:59.206 Crunchbutton[27256:3046411] Multi-tasking -> Device: YES, App: YES
2015-01-16 17:22:59.207 Crunchbutton[27256:3046411] Unlimited access to network resources
2015-01-16 17:22:59.209 Crunchbutton[27256:3046411] 

Started backup to iCloud! Please be careful.
Your application might be rejected by Apple if you store too much data.
For more information please read "iOS Data Storage Guidelines" at:
https://developer.apple.com/icloud/documentation/data-storage/
To disable web storage backup to iCloud, set the BackupWebStorage preference to "local" in the Cordova config.xml file

2015-01-16 17:22:59.325 Crunchbutton[27256:3046411] [CDVTimer][file] 2.012014ms
2015-01-16 17:22:59.336 Crunchbutton[27256:3046411] [CDVTimer][splashscreen] 11.183977ms
2015-01-16 17:22:59.339 Crunchbutton[27256:3046411] [CDVTimer][statusbar] 3.287017ms
2015-01-16 17:22:59.340 Crunchbutton[27256:3046411] [CDVTimer][TotalPluginStartup] 16.849995ms
2015-01-16 17:22:59.398 Crunchbutton[27256:3046411] Resetting plugins due to page load.
2015-01-16 17:22:59.537 Crunchbutton[27256:3046411] active
2015-01-16 17:22:59.539 Crunchbutton[27256:3046411] Attempting to badge the application icon but haven't received permission from the user to badge the application
>>>> frameSizeChanged = 4096
>>>> frameSizeChanged = 4096
2015-01-16 17:22:59.784 Crunchbutton[27256:3046411] Finished load of: file:///Users/arzynik/Library/Developer/CoreSimulator/Devices/CB2C7068-C290-44BC-9A6A-5767604F969E/data/Containers/Bundle/Application/502170A3-64FD-447A-AE07-55CDBA347469/Crunchbutton.app/www/index.html
2015-01-16 17:22:59.836 Crunchbutton[27256:3046411] ERROR: Plugin 'VersionPlugin' not found, or is not a CDVPlugin. Check your plugin mapping in config.xml.
2015-01-16 17:22:59.837 Crunchbutton[27256:3046411] -[CDVCommandQueue executePending] [Line 158] FAILED pluginJSON = [
  "VersionPlugin1401101612",
  "VersionPlugin",
  "version",
  [

  ]
]
2015-01-16 17:22:59.837 Crunchbutton[27256:3046411] ERROR: Plugin 'TapToScroll' not found, or is not a CDVPlugin. Check your plugin mapping in config.xml.
2015-01-16 17:22:59.837 Crunchbutton[27256:3046411] -[CDVCommandQueue executePending] [Line 158] FAILED pluginJSON = [
  "INVALID",
  "TapToScroll",
  "initListener",
  [

  ]
]
2015-01-16 17:23:12.467 Crunchbutton[27836:3047382] DiskCookieStorage changing policy from 2 to 0, cookie file: file:///Users/arzynik/Library/Developer/CoreSimulator/Devices/CB2C7068-C290-44BC-9A6A-5767604F969E/data/Containers/Data/Application/55FECCC8-51FC-4969-A76D-BCC9DAE8FE44/Library/Cookies/Cookies.binarycookies
2015-01-16 17:23:12.531 Crunchbutton[27836:3047382] Apache Cordova native platform version 3.7.0 is starting.
2015-01-16 17:23:12.532 Crunchbutton[27836:3047382] Multi-tasking -> Device: YES, App: YES
2015-01-16 17:23:12.533 Crunchbutton[27836:3047382] Unlimited access to network resources
2015-01-16 17:23:12.534 Crunchbutton[27836:3047382] 

Started backup to iCloud! Please be careful.
Your application might be rejected by Apple if you store too much data.
For more information please read "iOS Data Storage Guidelines" at:
https://developer.apple.com/icloud/documentation/data-storage/
To disable web storage backup to iCloud, set the BackupWebStorage preference to "local" in the Cordova config.xml file

2015-01-16 17:23:12.652 Crunchbutton[27836:3047382] [CDVTimer][file] 1.713037ms
2015-01-16 17:23:12.663 Crunchbutton[27836:3047382] [CDVTimer][splashscreen] 11.184990ms
2015-01-16 17:23:12.667 Crunchbutton[27836:3047382] [CDVTimer][statusbar] 3.145993ms
2015-01-16 17:23:12.667 Crunchbutton[27836:3047382] [CDVTimer][TotalPluginStartup] 16.356051ms
2015-01-16 17:23:12.725 Crunchbutton[27836:3047382] Resetting plugins due to page load.
2015-01-16 17:23:12.863 Crunchbutton[27836:3047382] active
2015-01-16 17:23:12.864 Crunchbutton[27836:3047382] Attempting to badge the application icon but haven't received permission from the user to badge the application
>>>> frameSizeChanged = 4096
>>>> frameSizeChanged = 4096
2015-01-16 17:23:13.160 Crunchbutton[27836:3047382] Finished load of: file:///Users/arzynik/Library/Developer/CoreSimulator/Devices/CB2C7068-C290-44BC-9A6A-5767604F969E/data/Containers/Bundle/Application/21435911-E3DE-4F54-B149-2CF694A0EEDE/Crunchbutton.app/www/index.html
2015-01-16 17:23:13.213 Crunchbutton[27836:3047382] ERROR: Plugin 'VersionPlugin' not found, or is not a CDVPlugin. Check your plugin mapping in config.xml.
2015-01-16 17:23:13.213 Crunchbutton[27836:3047382] -[CDVCommandQueue executePending] [Line 158] FAILED pluginJSON = [
  "VersionPlugin852945544",
  "VersionPlugin",
  "version",
  [

  ]
]
2015-01-16 17:23:13.213 Crunchbutton[27836:3047382] ERROR: Plugin 'TapToScroll' not found, or is not a CDVPlugin. Check your plugin mapping in config.xml.
2015-01-16 17:23:13.213 Crunchbutton[27836:3047382] -[CDVCommandQueue executePending] [Line 158] FAILED pluginJSON = [
  "INVALID",
  "TapToScroll",
  "initListener",
  [

  ]
]
2015-01-16 17:28:00.707 Crunchbutton[27836:3050649] Terminating since there is no system app.
2015-02-09 23:14:40.797 Crunchbutton[75495:4536876] Apache Cordova native platform version 3.7.0 is starting.
2015-02-09 23:14:40.801 Crunchbutton[75495:4536876] Multi-tasking -> Device: YES, App: YES
2015-02-09 23:14:40.814 Crunchbutton[75495:4536876] Unlimited access to network resources
2015-02-09 23:14:40.822 Crunchbutton[75495:4536876] 

Started backup to iCloud! Please be careful.
Your application might be rejected by Apple if you store too much data.
For more information please read "iOS Data Storage Guidelines" at:
https://developer.apple.com/icloud/documentation/data-storage/
To disable web storage backup to iCloud, set the BackupWebStorage preference to "local" in the Cordova config.xml file

2015-02-09 23:14:41.121 Crunchbutton[75495:4536876] [CDVTimer][file] 8.884013ms
2015-02-09 23:14:41.221 Crunchbutton[75495:4536876] [CDVTimer][splashscreen] 99.505007ms
2015-02-09 23:14:41.226 Crunchbutton[75495:4536876] [CDVTimer][statusbar] 4.824042ms
2015-02-09 23:14:41.226 Crunchbutton[75495:4536876] Init FacebookConnect Session
2015-02-09 23:14:41.234 Crunchbutton[75495:4536876] [CDVTimer][facebookconnectplugin] 7.748008ms
2015-02-09 23:14:41.234 Crunchbutton[75495:4536876] [CDVTimer][keyboard] 0.052989ms
2015-02-09 23:14:41.234 Crunchbutton[75495:4536876] [CDVTimer][TotalPluginStartup] 121.578991ms
2015-02-09 23:14:41.261 Crunchbutton[75495:4536876] active
2015-02-09 23:14:41.263 Crunchbutton[75495:4536876] Attempting to badge the application icon but haven't received permission from the user to badge the application
2015-02-09 23:14:41.315 Crunchbutton[75495:4536876] Resetting plugins due to page load.
2015-02-09 23:14:41.624 Crunchbutton[75495:4536876] active
2015-02-09 23:14:41.624 Crunchbutton[75495:4536876] Attempting to badge the application icon but haven't received permission from the user to badge the application
>>>> frameSizeChanged = 4096
>>>> frameSizeChanged = 4096
2015-02-09 23:14:42.117 Crunchbutton[75495:4536876] Finished load of: file:///Users/arzynik/Library/Developer/CoreSimulator/Devices/CB2C7068-C290-44BC-9A6A-5767604F969E/data/Containers/Bundle/Application/86F200D9-6F6B-42D3-9D08-7320B91A3C67/Crunchbutton.app/www/index.html
2015-02-09 23:14:42.192 Crunchbutton[75495:4536876] ERROR: Plugin 'VersionPlugin' not found, or is not a CDVPlugin. Check your plugin mapping in config.xml.
2015-02-09 23:14:42.192 Crunchbutton[75495:4536876] -[CDVCommandQueue executePending] [Line 158] FAILED pluginJSON = [
  "VersionPlugin1763879599",
  "VersionPlugin",
  "version",
  [

  ]
]
